app/build/intermediates/manifest_merge_blame_file/debug/processDebugMainManifest/manifest-merger-blame-debug-report.txt
1<?xml version="1.0" encoding="utf-8"?>
2<manifest xmlns:android="http://schemas.android.com/apk/res/android"
3    package="com.example.combinedsimulations"
4    android:versionCode="1"
5    android:versionName="1.0" >
6
7    <uses-sdk
8        android:minSdkVersion="24"
9        android:targetSdkVersion="35" />
10
11    <permission
11-->[androidx.core:core:1.15.0] AndroidManifest.xml:22:5-24:47
12        android:name="com.example.combinedsimulations.DYNAMIC_RECEIVER_NOT_EXPORTED_PERMISSION"
12-->[androidx.core:core:1.15.0] AndroidManifest.xml:23:9-81
13        android:protectionLevel="signature" />
13-->[androidx.core:core:1.15.0] AndroidManifest.xml:24:9-44
14
15    <uses-permission android:name="com.example.combinedsimulations.DYNAMIC_RECEIVER_NOT_EXPORTED_PERMISSION" />
15-->[androidx.core:core:1.15.0] AndroidManifest.xml:26:5-97
15-->[androidx.core:core:1.15.0] AndroidManifest.xml:26:22-94
16
17    <application
17-->src/main/AndroidManifest.xml:4:5-70:19
18        android:allowBackup="true"
18-->src/main/AndroidManifest.xml:5:9-35
19        android:appComponentFactory="androidx.core.app.CoreComponentFactory"
19-->[androidx.core:core:1.15.0] AndroidManifest.xml:28:18-86
20        android:debuggable="true"
21        android:extractNativeLibs="false"
22        android:icon="@drawable/ic_launcher"
22-->src/main/AndroidManifest.xml:6:9-45
23        android:label="Physicomimetics"
23-->src/main/AndroidManifest.xml:7:9-40
24        android:roundIcon="@drawable/ic_launcher"
24-->src/main/AndroidManifest.xml:8:9-50
25        android:supportsRtl="true"
25-->src/main/AndroidManifest.xml:9:9-35
26        android:theme="@style/AppTheme" >
26-->src/main/AndroidManifest.xml:10:9-40
27        <activity
27-->src/main/AndroidManifest.xml:12:9-20:20
28            android:name="com.example.combinedsimulations.MainMenuActivity"
28-->src/main/AndroidManifest.xml:13:13-45
29            android:exported="true"
29-->src/main/AndroidManifest.xml:14:13-36
30            android:screenOrientation="sensorPortrait" >
30-->src/main/AndroidManifest.xml:15:13-55
31            <intent-filter>
31-->src/main/AndroidManifest.xml:16:13-19:29
32                <action android:name="android.intent.action.MAIN" />
32-->src/main/AndroidManifest.xml:17:17-69
32-->src/main/AndroidManifest.xml:17:25-66
33
34                <category android:name="android.intent.category.LAUNCHER" />
34-->src/main/AndroidManifest.xml:18:17-77
34-->src/main/AndroidManifest.xml:18:27-74
35            </intent-filter>
36        </activity>
37        <activity
37-->src/main/AndroidManifest.xml:22:9-26:54
38            android:name="com.example.combinedsimulations.particle.ParticleFormationActivity"
38-->src/main/AndroidManifest.xml:23:13-63
39            android:exported="false"
39-->src/main/AndroidManifest.xml:25:13-37
40            android:label="Particle Formation"
40-->src/main/AndroidManifest.xml:24:13-47
41            android:screenOrientation="fullSensor" />
41-->src/main/AndroidManifest.xml:26:13-51
42        <activity
42-->src/main/AndroidManifest.xml:28:9-32:54
43            android:name="com.example.combinedsimulations.newtonian.NewtonianFormationActivity"
43-->src/main/AndroidManifest.xml:29:13-65
44            android:exported="false"
44-->src/main/AndroidManifest.xml:31:13-37
45            android:label="Split Newtonian Formation"
45-->src/main/AndroidManifest.xml:30:13-54
46            android:screenOrientation="fullSensor" />
46-->src/main/AndroidManifest.xml:32:13-51
47        <activity
47-->src/main/AndroidManifest.xml:34:9-38:54
48            android:name="com.example.combinedsimulations.coverage.UniformCoverageActivity"
48-->src/main/AndroidManifest.xml:35:13-61
49            android:exported="false"
49-->src/main/AndroidManifest.xml:37:13-37
50            android:label="Uniform Coverage"
50-->src/main/AndroidManifest.xml:36:13-45
51            android:screenOrientation="fullSensor" />
51-->src/main/AndroidManifest.xml:38:13-51
52        <activity
52-->src/main/AndroidManifest.xml:40:9-44:54
53            android:name="com.example.combinedsimulations.kinetic.KineticTheoryActivity"
53-->src/main/AndroidManifest.xml:41:13-58
54            android:exported="false"
54-->src/main/AndroidManifest.xml:43:13-37
55            android:label="Kinetic Theory"
55-->src/main/AndroidManifest.xml:42:13-43
56            android:screenOrientation="fullSensor" />
56-->src/main/AndroidManifest.xml:44:13-51
57        <activity
57-->src/main/AndroidManifest.xml:46:9-50:54
58            android:name="com.example.combinedsimulations.dinos.DinosActivity"
58-->src/main/AndroidManifest.xml:47:13-48
59            android:exported="false"
59-->src/main/AndroidManifest.xml:49:13-37
60            android:label="Bioluminescence"
60-->src/main/AndroidManifest.xml:48:13-44
61            android:screenOrientation="fullSensor" />
61-->src/main/AndroidManifest.xml:50:13-51
62        <activity
62-->src/main/AndroidManifest.xml:52:9-56:54
63            android:name="com.example.combinedsimulations.apo.ApoActivity"
63-->src/main/AndroidManifest.xml:53:13-44
64            android:exported="false"
64-->src/main/AndroidManifest.xml:55:13-37
65            android:label="Artificial Physics Optimization"
65-->src/main/AndroidManifest.xml:54:13-60
66            android:screenOrientation="fullSensor" />
66-->src/main/AndroidManifest.xml:56:13-51
67        <activity
67-->src/main/AndroidManifest.xml:58:9-62:54
68            android:name="com.example.combinedsimulations.perfect.PerfectFormationActivity"
68-->src/main/AndroidManifest.xml:59:13-61
69            android:exported="false"
69-->src/main/AndroidManifest.xml:61:13-37
70            android:label="Perfect Lattice Formation"
70-->src/main/AndroidManifest.xml:60:13-54
71            android:screenOrientation="fullSensor" />
71-->src/main/AndroidManifest.xml:62:13-51
72        <activity
72-->src/main/AndroidManifest.xml:64:9-68:54
73            android:name="com.example.combinedsimulations.fluxotaxis.FluxotaxisActivity"
73-->src/main/AndroidManifest.xml:65:13-58
74            android:exported="false"
74-->src/main/AndroidManifest.xml:67:13-37
75            android:label="Fluxotaxis"
75-->src/main/AndroidManifest.xml:66:13-39
76            android:screenOrientation="fullSensor" />
76-->src/main/AndroidManifest.xml:68:13-51
77
78        <provider
78-->[androidx.emoji2:emoji2:1.3.0] AndroidManifest.xml:24:9-32:20
79            android:name="androidx.startup.InitializationProvider"
79-->[androidx.emoji2:emoji2:1.3.0] AndroidManifest.xml:25:13-67
80            android:authorities="com.example.combinedsimulations.androidx-startup"
80-->[androidx.emoji2:emoji2:1.3.0] AndroidManifest.xml:26:13-68
81            android:exported="false" >
81-->[androidx.emoji2:emoji2:1.3.0] AndroidManifest.xml:27:13-37
82            <meta-data
82-->[androidx.emoji2:emoji2:1.3.0] AndroidManifest.xml:29:13-31:52
83                android:name="androidx.emoji2.text.EmojiCompatInitializer"
83-->[androidx.emoji2:emoji2:1.3.0] AndroidManifest.xml:30:17-75
84                android:value="androidx.startup" />
84-->[androidx.emoji2:emoji2:1.3.0] AndroidManifest.xml:31:17-49
85            <meta-data
85-->[androidx.lifecycle:lifecycle-process:2.8.7] AndroidManifest.xml:29:13-31:52
86                android:name="androidx.lifecycle.ProcessLifecycleInitializer"
86-->[androidx.lifecycle:lifecycle-process:2.8.7] AndroidManifest.xml:30:17-78
87                android:value="androidx.startup" />
87-->[androidx.lifecycle:lifecycle-process:2.8.7] AndroidManifest.xml:31:17-49
88            <meta-data
88-->[androidx.profileinstaller:profileinstaller:1.4.0] AndroidManifest.xml:29:13-31:52
89                android:name="androidx.profileinstaller.ProfileInstallerInitializer"
89-->[androidx.profileinstaller:profileinstaller:1.4.0] AndroidManifest.xml:30:17-85
90                android:value="androidx.startup" />
90-->[androidx.profileinstaller:profileinstaller:1.4.0] AndroidManifest.xml:31:17-49
91        </provider>
92
93        <receiver
93-->[androidx.profileinstaller:profileinstaller:1.4.0] AndroidManifest.xml:34:9-52:20
94            android:name="androidx.profileinstaller.ProfileInstallReceiver"
94-->[androidx.profileinstaller:profileinstaller:1.4.0] AndroidManifest.xml:35:13-76
95            android:directBootAware="false"
95-->[androidx.profileinstaller:profileinstaller:1.4.0] AndroidManifest.xml:36:13-44
96            android:enabled="true"
96-->[androidx.profileinstaller:profileinstaller:1.4.0] AndroidManifest.xml:37:13-35
97            android:exported="true"
97-->[androidx.profileinstaller:profileinstaller:1.4.0] AndroidManifest.xml:38:13-36
98            android:permission="android.permission.DUMP" >
98-->[androidx.profileinstaller:profileinstaller:1.4.0] AndroidManifest.xml:39:13-57
99            <intent-filter>
99-->[androidx.profileinstaller:profileinstaller:1.4.0] AndroidManifest.xml:40:13-42:29
100                <action android:name="androidx.profileinstaller.action.INSTALL_PROFILE" />
100-->[androidx.profileinstaller:profileinstaller:1.4.0] AndroidManifest.xml:41:17-91
100-->[androidx.profileinstaller:profileinstaller:1.4.0] AndroidManifest.xml:41:25-88
101            </intent-filter>
102            <intent-filter>
102-->[androidx.profileinstaller:profileinstaller:1.4.0] AndroidManifest.xml:43:13-45:29
103                <action android:name="androidx.profileinstaller.action.SKIP_FILE" />
103-->[androidx.profileinstaller:profileinstaller:1.4.0] AndroidManifest.xml:44:17-85
103-->[androidx.profileinstaller:profileinstaller:1.4.0] AndroidManifest.xml:44:25-82
104            </intent-filter>
105            <intent-filter>
105-->[androidx.profileinstaller:profileinstaller:1.4.0] AndroidManifest.xml:46:13-48:29
106                <action android:name="androidx.profileinstaller.action.SAVE_PROFILE" />
106-->[androidx.profileinstaller:profileinstaller:1.4.0] AndroidManifest.xml:47:17-88
106-->[androidx.profileinstaller:profileinstaller:1.4.0] AndroidManifest.xml:47:25-85
107            </intent-filter>
108            <intent-filter>
108-->[androidx.profileinstaller:profileinstaller:1.4.0] AndroidManifest.xml:49:13-51:29
109                <action android:name="androidx.profileinstaller.action.BENCHMARK_OPERATION" />
109-->[androidx.profileinstaller:profileinstaller:1.4.0] AndroidManifest.xml:50:17-95
109-->[androidx.profileinstaller:profileinstaller:1.4.0] AndroidManifest.xml:50:25-92
110            </intent-filter>
111        </receiver>
112    </application>
113
114</manifest>